{"C:\\Users\\RavenOne\\Desktop\\Frontend Developer\\JS Projects\\ajs_homework_test-ci_4.1\\src\\calculate.js": {"path":"C:\\Users\\RavenOne\\Desktop\\Frontend Developer\\JS Projects\\ajs_homework_test-ci_4.1\\src\\calculate.js","statementMap":{"0":{"start":{"line":2,"column":14},"end":{"line":4,"column":7}},"1":{"start":{"line":3,"column":4},"end":{"line":3,"column":45}},"2":{"start":{"line":6,"column":2},"end":{"line":8,"column":3}},"3":{"start":{"line":7,"column":4},"end":{"line":7,"column":21}},"4":{"start":{"line":9,"column":2},"end":{"line":9,"column":13}}},"fnMap":{"0":{"name":"calculateTotal","decl":{"start":{"line":1,"column":16},"end":{"line":1,"column":30}},"loc":{"start":{"line":1,"column":57},"end":{"line":10,"column":1}},"line":1},"1":{"name":"(anonymous_1)","decl":{"start":{"line":2,"column":31},"end":{"line":2,"column":32}},"loc":{"start":{"line":2,"column":48},"end":{"line":4,"column":3}},"line":2}},"branchMap":{"0":{"loc":{"start":{"line":6,"column":2},"end":{"line":8,"column":3}},"type":"if","locations":[{"start":{"line":6,"column":2},"end":{"line":8,"column":3}},{"start":{},"end":{}}],"line":6}},"s":{"0":2,"1":4,"2":2,"3":1,"4":1},"f":{"0":2,"1":4},"b":{"0":[1,1]},"_coverageSchema":"1a1c01bbd47fc00a2c39e90264f33305004495a9","hash":"beb22704d0bb78601fb9efb1647640669ba17295"}
}
